Build started 2016/1/27 18:43:38.
     1>Project "F:\develop\vs2013_workspace\test-stitching-opencv2.4.11\ConsoleApplication1\ConsoleApplication1.vcxproj" on node 2 (Build target(s)).
     1>ClCompile:
         C:\Program Files (x86)\Microsoft Visual Studio 12.0\VC\bin\x86_amd64\CL.exe /c /Zi /nologo /W3 /WX- /sdl /O2 /Oi /GL /D WIN32 /D NDEBUG /D _CONSOLE /D _LIB /D _UNICODE /D UNICODE /Gm- /EHsc /MD /GS /Gy /Zc:wchar_t /Zc:forScope /Yu"stdafx.h" /Fp"x64\Release\ConsoleApplication1.pch" /Fo"x64\Release\\" /Fd"x64\Release\vc120.pdb" /Gd /TP /errorReport:prompt Stitching.cpp
         Stitching.cpp
     1>Stitching.cpp(126): warning C4244: 'argument' : conversion from 'double' to 'int', possible loss of data
     1>Stitching.cpp(134): warning C4244: 'argument' : conversion from 'double' to 'int', possible loss of data
     1>Stitching.cpp(144): warning C4244: '=' : conversion from 'double' to 'int', possible loss of data
     1>Stitching.cpp(145): warning C4244: '=' : conversion from 'double' to 'int', possible loss of data
     1>Stitching.cpp(148): warning C4244: '=' : conversion from 'double' to 'int', possible loss of data
     1>Stitching.cpp(149): warning C4244: '=' : conversion from 'double' to 'int', possible loss of data
     1>Stitching.cpp(82): warning C4101: 'finish' : unreferenced local variable
     1>Stitching.cpp(83): warning C4101: 'oneframetime' : unreferenced local variable
     1>Stitching.cpp(82): warning C4101: 'start' : unreferenced local variable
       Link:
         C:\Program Files (x86)\Microsoft Visual Studio 12.0\VC\bin\x86_amd64\link.exe /ERRORREPORT:PROMPT /OUT:"F:\develop\vs2013_workspace\test-stitching-opencv2.4.11\x64\Release\ConsoleApplication1.exe" /INCREMENTAL:NO /NOLOGO opencv_ml2411.lib opencv_calib3d2411.lib opencv_contrib2411.lib opencv_core2411.lib opencv_features2d2411.lib opencv_flann2411.lib opencv_gpu2411.lib opencv_highgui2411.lib opencv_imgproc2411.lib opencv_legacy2411.lib opencv_objdetect2411.lib opencv_ts2411.lib opencv_video2411.lib opencv_nonfree2411.lib opencv_ocl2411.lib opencv_photo2411.lib opencv_stitching2411.lib opencv_superres2411.lib opencv_videostab2411.lib /MANIFEST /MANIFESTUAC:"level='asInvoker' uiAccess='false'" /manifest:embed /DEBUG /PDB:"F:\develop\vs2013_workspace\test-stitching-opencv2.4.11\x64\Release\ConsoleApplication1.pdb" /SUBSYSTEM:CONSOLE /OPT:REF /OPT:ICF /LTCG /TLBID:1 /DYNAMICBASE /NXCOMPAT /IMPLIB:"F:\develop\vs2013_workspace\test-stitching-opencv2.4.11\x64\Release\ConsoleApplication1.lib" /MACHINE:X64 x64\Release\Main.obj
         x64\Release\Study.obj
         x64\Release\stdafx.obj
         x64\Release\Stitching.obj
         x64\Release\stitching_detailed.obj
         Generating code
         Finished generating code
         ConsoleApplication1.vcxproj -> F:\develop\vs2013_workspace\test-stitching-opencv2.4.11\x64\Release\ConsoleApplication1.exe
     1>Done Building Project "F:\develop\vs2013_workspace\test-stitching-opencv2.4.11\ConsoleApplication1\ConsoleApplication1.vcxproj" (Build target(s)).

Build succeeded.

Time Elapsed 00:00:02.03
