Build started 2016/1/18 13:48:24.
     1>Project "F:\develop\vs2013_workspace\test-stitching-opencv2.4.11\ConsoleApplication1\ConsoleApplication1.vcxproj" on node 2 (Build target(s)).
     1>ClCompile:
         C:\Program Files (x86)\Microsoft Visual Studio 12.0\VC\bin\x86_amd64\CL.exe /c /Zi /nologo /W3 /WX- /sdl /Od /D WIN32 /D _DEBUG /D _CONSOLE /D _LIB /D _UNICODE /D UNICODE /Gm /EHsc /RTC1 /MDd /GS /fp:precise /Zc:wchar_t /Zc:forScope /Yu"stdafx.h" /Fp"x64\Debug\ConsoleApplication1.pch" /Fo"x64\Debug\\" /Fd"x64\Debug\vc120.pdb" /Gd /TP /errorReport:prompt Main.cpp Stitching.cpp
         Stitching.cpp
     1>Stitching.cpp(140): warning C4244: 'argument' : conversion from 'double' to 'int', possible loss of data
     1>Stitching.cpp(154): warning C4244: 'argument' : conversion from 'double' to 'int', possible loss of data
     1>Stitching.cpp(168): warning C4244: '=' : conversion from 'double' to 'int', possible loss of data
     1>Stitching.cpp(169): warning C4244: '=' : conversion from 'double' to 'int', possible loss of data
     1>Stitching.cpp(172): warning C4244: '=' : conversion from 'double' to 'int', possible loss of data
     1>Stitching.cpp(173): warning C4244: '=' : conversion from 'double' to 'int', possible loss of data
         Main.cpp
     1>F:\develop\opencv\build\include\opencv2\gpu\gpu.hpp(1821): warning C4819: The file contains a character that cannot be represented in the current code page (936). Save the file in Unicode format to prevent data loss
     1>Main.cpp(98): warning C4101: 'i' : unreferenced local variable
         Generating Code...
       Link:
         C:\Program Files (x86)\Microsoft Visual Studio 12.0\VC\bin\x86_amd64\link.exe /ERRORREPORT:PROMPT /OUT:"F:\develop\vs2013_workspace\test-stitching-opencv2.4.11\x64\Debug\ConsoleApplication1.exe" /INCREMENTAL /NOLOGO opencv_ml2411d.lib opencv_calib3d2411d.lib opencv_contrib2411d.lib opencv_core2411d.lib opencv_features2d2411d.lib opencv_flann2411d.lib opencv_gpu2411d.lib opencv_highgui2411d.lib opencv_imgproc2411d.lib opencv_legacy2411d.lib opencv_objdetect2411d.lib opencv_ts2411d.lib opencv_video2411d.lib opencv_nonfree2411d.lib opencv_ocl2411d.lib opencv_photo2411d.lib opencv_stitching2411d.lib opencv_superres2411d.lib opencv_videostab2411d.lib kernel32.lib user32.lib gdi32.lib winspool.lib comdlg32.lib advapi32.lib shell32.lib ole32.lib oleaut32.lib uuid.lib odbc32.lib odbccp32.lib /MANIFEST /MANIFESTUAC:"level='asInvoker' uiAccess='false'" /manifest:embed /DEBUG /PDB:"F:\develop\vs2013_workspace\test-stitching-opencv2.4.11\x64\Debug\ConsoleApplication1.pdb" /SUBSYSTEM:CONSOLE /TLBID:1 /DYNAMICBASE /NXCOMPAT /IMPLIB:"F:\develop\vs2013_workspace\test-stitching-opencv2.4.11\x64\Debug\ConsoleApplication1.lib" /MACHINE:X64 x64\Debug\Main.obj
         x64\Debug\Study.obj
         x64\Debug\stdafx.obj
         x64\Debug\Stitching.obj
         x64\Debug\stitching_detailed.obj
         ConsoleApplication1.vcxproj -> F:\develop\vs2013_workspace\test-stitching-opencv2.4.11\x64\Debug\ConsoleApplication1.exe
     1>Done Building Project "F:\develop\vs2013_workspace\test-stitching-opencv2.4.11\ConsoleApplication1\ConsoleApplication1.vcxproj" (Build target(s)).

Build succeeded.

Time Elapsed 00:00:02.27
