c:\develop\workspace\consoleapplication1-opencv2.4\consoleapplication1\x64\debug\consoleapplication1.pch
c:\develop\workspace\consoleapplication1-opencv2.4\consoleapplication1\x64\debug\vc120.pdb
c:\develop\workspace\consoleapplication1-opencv2.4\consoleapplication1\x64\debug\vc120.idb
c:\develop\workspace\consoleapplication1-opencv2.4\consoleapplication1\x64\debug\stdafx.obj
c:\develop\workspace\consoleapplication1-opencv2.4\consoleapplication1\x64\debug\stitching_detailed.obj
c:\develop\workspace\consoleapplication1-opencv2.4\consoleapplication1\x64\debug\stitching.obj
c:\develop\workspace\consoleapplication1-opencv2.4\consoleapplication1\x64\debug\consoleapplication1.obj
c:\develop\workspace\consoleapplication1-opencv2.4\consoleapplication1\x64\debug\main.obj
c:\develop\workspace\consoleapplication1-opencv2.4\x64\debug\consoleapplication1.ilk
c:\develop\workspace\consoleapplication1-opencv2.4\x64\debug\consoleapplication1.exe
c:\develop\workspace\consoleapplication1-opencv2.4\x64\debug\consoleapplication1.pdb
c:\develop\vs_workspace\test-stitching-opencv2.4.11\consoleapplication1\x64\debug\consoleapplication1.obj
c:\develop\vs_workspace\test-stitching-opencv2.4.11\consoleapplication1\x64\debug\main.obj
c:\develop\vs_workspace\test-stitching-opencv2.4.11\consoleapplication1\x64\debug\stdafx.obj
c:\develop\vs_workspace\test-stitching-opencv2.4.11\consoleapplication1\x64\debug\stitching.obj
c:\develop\vs_workspace\test-stitching-opencv2.4.11\consoleapplication1\x64\debug\stitching_detailed.obj
c:\develop\vs_workspace\test-stitching-opencv2.4.11\consoleapplication1\x64\debug\consoleapplication1.pch
c:\develop\vs_workspace\test-stitching-opencv2.4.11\consoleapplication1\x64\debug\vc120.idb
c:\develop\vs_workspace\test-stitching-opencv2.4.11\consoleapplication1\x64\debug\vc120.pdb
c:\develop\vs_workspace\test-stitching-opencv2.4.11\x64\debug\consoleapplication1.pdb
c:\develop\vs_workspace\test-stitching-opencv2.4.11\x64\debug\consoleapplication1.exe
c:\develop\vs_workspace\test-stitching-opencv2.4.11\x64\debug\consoleapplication1.ilk
c:\develop\vs_workspace\test-stitching-opencv2.4.11\consoleapplication1\x64\debug\consolea.21dbda59.tlog\cl.command.1.tlog
c:\develop\vs_workspace\test-stitching-opencv2.4.11\consoleapplication1\x64\debug\consolea.21dbda59.tlog\cl.read.1.tlog
c:\develop\vs_workspace\test-stitching-opencv2.4.11\consoleapplication1\x64\debug\consolea.21dbda59.tlog\cl.write.1.tlog
c:\develop\vs_workspace\test-stitching-opencv2.4.11\consoleapplication1\x64\debug\consolea.21dbda59.tlog\link.command.1.tlog
c:\develop\vs_workspace\test-stitching-opencv2.4.11\consoleapplication1\x64\debug\consolea.21dbda59.tlog\link.read.1.tlog
c:\develop\vs_workspace\test-stitching-opencv2.4.11\consoleapplication1\x64\debug\consolea.21dbda59.tlog\link.write.1.tlog
