f:\develop\vs2013_workspace\consoleapplication1-opencv2.4\consoleapplication1\release\consoleapplication1.pch
f:\develop\vs2013_workspace\consoleapplication1-opencv2.4\consoleapplication1\release\vc120.pdb
f:\develop\vs2013_workspace\consoleapplication1-opencv2.4\consoleapplication1\release\stdafx.obj
f:\develop\vs2013_workspace\consoleapplication1-opencv2.4\consoleapplication1\release\stitching_detailed.obj
f:\develop\vs2013_workspace\consoleapplication1-opencv2.4\consoleapplication1\release\stitching.obj
f:\develop\vs2013_workspace\consoleapplication1-opencv2.4\consoleapplication1\release\consoleapplication1.obj
c:\develop\consoleapplication1-opencv2.4\consoleapplication1\release\consoleapplication1.pch
c:\develop\consoleapplication1-opencv2.4\consoleapplication1\release\vc120.pdb
c:\develop\consoleapplication1-opencv2.4\consoleapplication1\release\stdafx.obj
c:\develop\consoleapplication1-opencv2.4\consoleapplication1\release\stitching_detailed.obj
c:\develop\consoleapplication1-opencv2.4\consoleapplication1\release\stitching.obj
c:\develop\consoleapplication1-opencv2.4\consoleapplication1\release\consoleapplication1.obj
f:\develop\vs2013_workspace\consoleapplication1-opencv2.4\release\consoleapplication1.exe
f:\develop\vs2013_workspace\consoleapplication1-opencv2.4\release\consoleapplication1.pdb
c:\develop\consoleapplication1-opencv2.4\release\consoleapplication1.pdb
c:\develop\consoleapplication1-opencv2.4\consoleapplication1\release\consolea.21dbda59.tlog\cl.command.1.tlog
c:\develop\consoleapplication1-opencv2.4\consoleapplication1\release\consolea.21dbda59.tlog\cl.read.1.tlog
c:\develop\consoleapplication1-opencv2.4\consoleapplication1\release\consolea.21dbda59.tlog\cl.write.1.tlog
c:\develop\consoleapplication1-opencv2.4\consoleapplication1\release\consolea.21dbda59.tlog\link.command.1.tlog
c:\develop\consoleapplication1-opencv2.4\consoleapplication1\release\consolea.21dbda59.tlog\link.read.1.tlog
c:\develop\consoleapplication1-opencv2.4\consoleapplication1\release\consolea.21dbda59.tlog\link.read.4.tlog
c:\develop\consoleapplication1-opencv2.4\consoleapplication1\release\consolea.21dbda59.tlog\link.write.1.tlog
